[debug] [2023-03-11T14:43:50.532Z] ----------------------------------------------------------------------
[debug] [2023-03-11T14:43:50.533Z] Command:       C:\Program Files\nodejs\node.exe C:\Users\Lewis Dean\AppData\Roaming\npm\node_modules\firebase-tools\lib\bin\firebase.js init
[debug] [2023-03-11T14:43:50.534Z] CLI Version:   11.24.1
[debug] [2023-03-11T14:43:50.534Z] Platform:      win32
[debug] [2023-03-11T14:43:50.534Z] Node Version:  v18.12.1
[debug] [2023-03-11T14:43:50.535Z] Time:          Sat Mar 11 2023 14:43:50 GMT+0000 (Greenwich Mean Time)
[debug] [2023-03-11T14:43:50.535Z] ----------------------------------------------------------------------
[debug] 
[debug] [2023-03-11T14:43:50.604Z] > command requires scopes: ["email","openid","https://www.googleapis.com/auth/cloudplatformprojects.readonly","https://www.googleapis.com/auth/firebase","https://www.googleapis.com/auth/cloud-platform"]
[debug] [2023-03-11T14:43:50.604Z] > authorizing via signed-in user (lewisdean2010@gmail.com)
[info] 
     ######## #### ########  ######## ########     ###     ######  ########
     ##        ##  ##     ## ##       ##     ##  ##   ##  ##       ##
     ######    ##  ########  ######   ########  #########  ######  ######
     ##        ##  ##    ##  ##       ##     ## ##     ##       ## ##
     ##       #### ##     ## ######## ########  ##     ##  ######  ########

You're about to initialize a Firebase project in this directory:

  C:\Users\Lewis Dean\Documents\Workspace\react-app-firebase

Before we get started, keep in mind:

  * You are initializing within an existing Firebase project directory

[info] 
=== Project Setup
[info] 
[info] First, let's associate this project directory with a Firebase project.
[info] You can create multiple project aliases by running firebase use --add, 
[info] but for now we'll just set up a default project.
[info] 
[debug] [2023-03-11T14:45:05.436Z] Using project from CLI flag: react-app-firebase-52972
[debug] [2023-03-11T14:45:05.438Z] >>> [apiv2][query] GET https://firebase.googleapis.com/v1beta1/projects/react-app-firebase-52972 [none]
[debug] [2023-03-11T14:45:05.774Z] <<< [apiv2][status] GET https://firebase.googleapis.com/v1beta1/projects/react-app-firebase-52972 403
[debug] [2023-03-11T14:45:05.774Z] <<< [apiv2][body] GET https://firebase.googleapis.com/v1beta1/projects/react-app-firebase-52972 {"error":{"code":403,"message":"The caller does not have permission","status":"PERMISSION_DENIED"}}
[debug] [2023-03-11T14:45:05.774Z] HTTP Error: 403, The caller does not have permission
[debug] [2023-03-11T14:45:05.858Z] FirebaseError: HTTP Error: 403, The caller does not have permission
    at responseToError (C:\Users\Lewis Dean\AppData\Roaming\npm\node_modules\firebase-tools\lib\responseToError.js:49:12)
    at RetryOperation._fn (C:\Users\Lewis Dean\AppData\Roaming\npm\node_modules\firebase-tools\lib\apiv2.js:288:77)
    at process.processTicksAndRejections (node:internal/process/task_queues:95:5)
[error] 
[error] Error: Failed to get Firebase project react-app-firebase-52972. Please make sure the project exists and your account has permission to access it.
[debug] [2023-03-11T14:45:22.008Z] ----------------------------------------------------------------------
[debug] [2023-03-11T14:45:22.010Z] Command:       C:\Program Files\nodejs\node.exe C:\Users\Lewis Dean\AppData\Roaming\npm\node_modules\firebase-tools\lib\bin\firebase.js init
[debug] [2023-03-11T14:45:22.010Z] CLI Version:   11.24.1
[debug] [2023-03-11T14:45:22.010Z] Platform:      win32
[debug] [2023-03-11T14:45:22.011Z] Node Version:  v18.12.1
[debug] [2023-03-11T14:45:22.012Z] Time:          Sat Mar 11 2023 14:45:22 GMT+0000 (Greenwich Mean Time)
[debug] [2023-03-11T14:45:22.012Z] ----------------------------------------------------------------------
[debug] 
[debug] [2023-03-11T14:45:22.081Z] > command requires scopes: ["email","openid","https://www.googleapis.com/auth/cloudplatformprojects.readonly","https://www.googleapis.com/auth/firebase","https://www.googleapis.com/auth/cloud-platform"]
[debug] [2023-03-11T14:45:22.082Z] > authorizing via signed-in user (lewisdean2010@gmail.com)
[info] 
     ######## #### ########  ######## ########     ###     ######  ########
     ##        ##  ##     ## ##       ##     ##  ##   ##  ##       ##
     ######    ##  ########  ######   ########  #########  ######  ######
     ##        ##  ##    ##  ##       ##     ## ##     ##       ## ##
     ##       #### ##     ## ######## ########  ##     ##  ######  ########

You're about to initialize a Firebase project in this directory:

  C:\Users\Lewis Dean\Documents\Workspace\react-app-firebase

Before we get started, keep in mind:

  * You are initializing within an existing Firebase project directory

[info] 
=== Project Setup
[info] 
[info] First, let's associate this project directory with a Firebase project.
[info] You can create multiple project aliases by running firebase use --add, 
[info] but for now we'll just set up a default project.
[info] 
[debug] [2023-03-11T14:45:40.699Z] Using project from CLI flag: react-app-firebase-52972
[debug] [2023-03-11T14:45:40.701Z] >>> [apiv2][query] GET https://firebase.googleapis.com/v1beta1/projects/react-app-firebase-52972 [none]
[debug] [2023-03-11T14:45:40.976Z] <<< [apiv2][status] GET https://firebase.googleapis.com/v1beta1/projects/react-app-firebase-52972 403
[debug] [2023-03-11T14:45:40.976Z] <<< [apiv2][body] GET https://firebase.googleapis.com/v1beta1/projects/react-app-firebase-52972 {"error":{"code":403,"message":"The caller does not have permission","status":"PERMISSION_DENIED"}}
[debug] [2023-03-11T14:45:40.977Z] HTTP Error: 403, The caller does not have permission
[debug] [2023-03-11T14:45:41.070Z] FirebaseError: HTTP Error: 403, The caller does not have permission
    at responseToError (C:\Users\Lewis Dean\AppData\Roaming\npm\node_modules\firebase-tools\lib\responseToError.js:49:12)
    at RetryOperation._fn (C:\Users\Lewis Dean\AppData\Roaming\npm\node_modules\firebase-tools\lib\apiv2.js:288:77)
    at process.processTicksAndRejections (node:internal/process/task_queues:95:5)
[error] 
[error] Error: Failed to get Firebase project react-app-firebase-52972. Please make sure the project exists and your account has permission to access it.
